# JRE version: Java(TM) SE Runtime Environment (21.0.3+7) (build 21.0.3+7-LTS-152)
# Java VM: Java HotSpot(TM) 64-Bit Server VM (21.0.3+7-LTS-152, mixed mode, sharing, tiered, compressed oops, compressed class ptrs, serial gc, windows-amd64)
GC Precious Log:
 CardTable entry size: 512
 CPUs: 1 total, 1 available
 Memory: 8071M
 Large Page Support: Disabled
 NUMA Support: Disabled
 Compressed Oops: Enabled (32-bit)
 Heap Min Capacity: 8M
 Heap Initial Capacity: 128M
 Heap Max Capacity: 2018M
 Pre-touch: Disabled
Heap:
 def new generation   total 39424K, used 9949K [0x0000000081e00000, 0x00000000848c0000, 0x00000000abea0000)
  eden space 35072K,  15% used [0x0000000081e00000, 0x0000000082377530, 0x0000000084040000)
  from space 4352K, 100% used [0x0000000084480000, 0x00000000848c0000, 0x00000000848c0000)
  to   space 4352K,   0% used [0x0000000084040000, 0x0000000084040000, 0x0000000084480000)
 tenured generation   total 87424K, used 66713K [0x00000000abea0000, 0x00000000b1400000, 0x0000000100000000)
   the space 87424K,  76% used [0x00000000abea0000, 0x00000000affc64a0, 0x00000000affc6600, 0x00000000b1400000)
 Metaspace       used 33438K, committed 34048K, reserved 1114112K
  class space    used 3659K, committed 3968K, reserved 1048576K
GC Heap History (20 events):
Event: 27.391 GC heap before
{Heap before GC invocations=9 (full 1):
 def new generation   total 39424K, used 39423K [0x0000000081e00000, 0x00000000848c0000, 0x00000000abea0000)
  eden space 35072K, 100% used [0x0000000081e00000, 0x0000000084040000, 0x0000000084040000)
  from space 4352K,  99% used [0x0000000084480000, 0x00000000848bfff8, 0x00000000848c0000)
  to   space 4352K,   0% used [0x0000000084040000, 0x0000000084040000, 0x0000000084480000)
 tenured generation   total 87424K, used 31544K [0x00000000abea0000, 0x00000000b1400000, 0x0000000100000000)
   the space 87424K,  36% used [0x00000000abea0000, 0x00000000add6e3a8, 0x00000000add6e400, 0x00000000b1400000)
 Metaspace       used 27198K, committed 27520K, reserved 1114112K
  class space    used 3054K, committed 3200K, reserved 1048576K
}
Event: 27.413 GC heap after
{Heap after GC invocations=10 (full 1):
 def new generation   total 39424K, used 4351K [0x0000000081e00000, 0x00000000848c0000, 0x00000000abea0000)
  eden space 35072K,   0% used [0x0000000081e00000, 0x0000000081e00000, 0x0000000084040000)
  from space 4352K,  99% used [0x0000000084040000, 0x000000008447fff8, 0x0000000084480000)
  to   space 4352K,   0% used [0x0000000084480000, 0x0000000084480000, 0x00000000848c0000)
 tenured generation   total 87424K, used 38590K [0x00000000abea0000, 0x00000000b1400000, 0x0000000100000000)
   the space 87424K,  44% used [0x00000000abea0000, 0x00000000ae44f948, 0x00000000ae44fa00, 0x00000000b1400000)
 Metaspace       used 27198K, committed 27520K, reserved 1114112K
  class space    used 3054K, committed 3200K, reserved 1048576K
}
Event: 34.148 GC heap before
{Heap before GC invocations=10 (full 1):
 def new generation   total 39424K, used 39423K [0x0000000081e00000, 0x00000000848c0000, 0x00000000abea0000)
  eden space 35072K, 100% used [0x0000000081e00000, 0x0000000084040000, 0x0000000084040000)
  from space 4352K,  99% used [0x0000000084040000, 0x000000008447fff8, 0x0000000084480000)
  to   space 4352K,   0% used [0x0000000084480000, 0x0000000084480000, 0x00000000848c0000)
 tenured generation   total 87424K, used 38590K [0x00000000abea0000, 0x00000000b1400000, 0x0000000100000000)
   the space 87424K,  44% used [0x00000000abea0000, 0x00000000ae44f948, 0x00000000ae44fa00, 0x00000000b1400000)
 Metaspace       used 28361K, committed 28736K, reserved 1114112K
  class space    used 3119K, committed 3264K, reserved 1048576K
}
Event: 34.181 GC heap after
{Heap after GC invocations=11 (full 1):
 def new generation   total 39424K, used 4351K [0x0000000081e00000, 0x00000000848c0000, 0x00000000abea0000)
  eden space 35072K,   0% used [0x0000000081e00000, 0x0000000081e00000, 0x0000000084040000)
  from space 4352K,  99% used [0x0000000084480000, 0x00000000848bfff8, 0x00000000848c0000)
  to   space 4352K,   0% used [0x0000000084040000, 0x0000000084040000, 0x0000000084480000)
 tenured generation   total 87424K, used 43923K [0x00000000abea0000, 0x00000000b1400000, 0x0000000100000000)
   the space 87424K,  50% used [0x00000000abea0000, 0x00000000ae984d70, 0x00000000ae984e00, 0x00000000b1400000)
 Metaspace       used 28361K, committed 28736K, reserved 1114112K
  class space    used 3119K, committed 3264K, reserved 1048576K
}
Event: 37.386 GC heap before
{Heap before GC invocations=11 (full 1):
 def new generation   total 39424K, used 39423K [0x0000000081e00000, 0x00000000848c0000, 0x00000000abea0000)
  eden space 35072K, 100% used [0x0000000081e00000, 0x0000000084040000, 0x0000000084040000)
  from space 4352K,  99% used [0x0000000084480000, 0x00000000848bfff8, 0x00000000848c0000)
  to   space 4352K,   0% used [0x0000000084040000, 0x0000000084040000, 0x0000000084480000)
 tenured generation   total 87424K, used 43923K [0x00000000abea0000, 0x00000000b1400000, 0x0000000100000000)
   the space 87424K,  50% used [0x00000000abea0000, 0x00000000ae984d70, 0x00000000ae984e00, 0x00000000b1400000)
 Metaspace       used 29929K, committed 30272K, reserved 1114112K
  class space    used 3295K, committed 3456K, reserved 1048576K
}
Event: 37.398 GC heap after
{Heap after GC invocations=12 (full 1):
 def new generation   total 39424K, used 786K [0x0000000081e00000, 0x00000000848c0000, 0x00000000abea0000)
  eden space 35072K,   0% used [0x0000000081e00000, 0x0000000081e00000, 0x0000000084040000)
  from space 4352K,  18% used [0x0000000084040000, 0x0000000084104888, 0x0000000084480000)
  to   space 4352K,   0% used [0x0000000084480000, 0x0000000084480000, 0x00000000848c0000)
 tenured generation   total 87424K, used 48127K [0x00000000abea0000, 0x00000000b1400000, 0x0000000100000000)
   the space 87424K,  55% used [0x00000000abea0000, 0x00000000aed9fda8, 0x00000000aed9fe00, 0x00000000b1400000)
 Metaspace       used 29929K, committed 30272K, reserved 1114112K
  class space    used 3295K, committed 3456K, reserved 1048576K
}
Event: 40.403 GC heap before
{Heap before GC invocations=12 (full 1):
 def new generation   total 39424K, used 35858K [0x0000000081e00000, 0x00000000848c0000, 0x00000000abea0000)
  eden space 35072K, 100% used [0x0000000081e00000, 0x0000000084040000, 0x0000000084040000)
  from space 4352K,  18% used [0x0000000084040000, 0x0000000084104888, 0x0000000084480000)
  to   space 4352K,   0% used [0x0000000084480000, 0x0000000084480000, 0x00000000848c0000)
 tenured generation   total 87424K, used 48127K [0x00000000abea0000, 0x00000000b1400000, 0x0000000100000000)
   the space 87424K,  55% used [0x00000000abea0000, 0x00000000aed9fda8, 0x00000000aed9fe00, 0x00000000b1400000)
 Metaspace       used 30496K, committed 30976K, reserved 1114112K
  class space    used 3381K, committed 3584K, reserved 1048576K
}
Event: 40.407 GC heap after
{Heap after GC invocations=13 (full 1):
 def new generation   total 39424K, used 1527K [0x0000000081e00000, 0x00000000848c0000, 0x00000000abea0000)
  eden space 35072K,   0% used [0x0000000081e00000, 0x0000000081e00000, 0x0000000084040000)
  from space 4352K,  35% used [0x0000000084480000, 0x00000000845fdc48, 0x00000000848c0000)
  to   space 4352K,   0% used [0x0000000084040000, 0x0000000084040000, 0x0000000084480000)
 tenured generation   total 87424K, used 48127K [0x00000000abea0000, 0x00000000b1400000, 0x0000000100000000)
   the space 87424K,  55% used [0x00000000abea0000, 0x00000000aed9fda8, 0x00000000aed9fe00, 0x00000000b1400000)
 Metaspace       used 30496K, committed 30976K, reserved 1114112K
  class space    used 3381K, committed 3584K, reserved 1048576K
}
Event: 42.271 GC heap before
{Heap before GC invocations=13 (full 1):
 def new generation   total 39424K, used 36599K [0x0000000081e00000, 0x00000000848c0000, 0x00000000abea0000)
  eden space 35072K, 100% used [0x0000000081e00000, 0x0000000084040000, 0x0000000084040000)
  from space 4352K,  35% used [0x0000000084480000, 0x00000000845fdc48, 0x00000000848c0000)
  to   space 4352K,   0% used [0x0000000084040000, 0x0000000084040000, 0x0000000084480000)
 tenured generation   total 87424K, used 48127K [0x00000000abea0000, 0x00000000b1400000, 0x0000000100000000)
   the space 87424K,  55% used [0x00000000abea0000, 0x00000000aed9fda8, 0x00000000aed9fe00, 0x00000000b1400000)
 Metaspace       used 30551K, committed 31040K, reserved 1114112K
  class space    used 3385K, committed 3584K, reserved 1048576K
}
Event: 42.283 GC heap after
{Heap after GC invocations=14 (full 1):
 def new generation   total 39424K, used 2428K [0x0000000081e00000, 0x00000000848c0000, 0x00000000abea0000)
  eden space 35072K,   0% used [0x0000000081e00000, 0x0000000081e00000, 0x0000000084040000)
  from space 4352K,  55% used [0x0000000084040000, 0x000000008429f088, 0x0000000084480000)
  to   space 4352K,   0% used [0x0000000084480000, 0x0000000084480000, 0x00000000848c0000)
 tenured generation   total 87424K, used 48127K [0x00000000abea0000, 0x00000000b1400000, 0x0000000100000000)
   the space 87424K,  55% used [0x00000000abea0000, 0x00000000aed9fda8, 0x00000000aed9fe00, 0x00000000b1400000)
 Metaspace       used 30551K, committed 31040K, reserved 1114112K
  class space    used 3385K, committed 3584K, reserved 1048576K
}
Event: 43.720 GC heap before
{Heap before GC invocations=14 (full 1):
 def new generation   total 39424K, used 37500K [0x0000000081e00000, 0x00000000848c0000, 0x00000000abea0000)
  eden space 35072K, 100% used [0x0000000081e00000, 0x0000000084040000, 0x0000000084040000)
  from space 4352K,  55% used [0x0000000084040000, 0x000000008429f088, 0x0000000084480000)
  to   space 4352K,   0% used [0x0000000084480000, 0x0000000084480000, 0x00000000848c0000)
 tenured generation   total 87424K, used 48127K [0x00000000abea0000, 0x00000000b1400000, 0x0000000100000000)
   the space 87424K,  55% used [0x00000000abea0000, 0x00000000aed9fda8, 0x00000000aed9fe00, 0x00000000b1400000)
 Metaspace       used 30708K, committed 31168K, reserved 1114112K
  class space    used 3387K, committed 3584K, reserved 1048576K
}
Event: 43.730 GC heap after
{Heap after GC invocations=15 (full 1):
 def new generation   total 39424K, used 974K [0x0000000081e00000, 0x00000000848c0000, 0x00000000abea0000)
  eden space 35072K,   0% used [0x0000000081e00000, 0x0000000081e00000, 0x0000000084040000)
  from space 4352K,  22% used [0x0000000084480000, 0x0000000084573a98, 0x00000000848c0000)
  to   space 4352K,   0% used [0x0000000084040000, 0x0000000084040000, 0x0000000084480000)
 tenured generation   total 87424K, used 48899K [0x00000000abea0000, 0x00000000b1400000, 0x0000000100000000)
   the space 87424K,  55% used [0x00000000abea0000, 0x00000000aee60d58, 0x00000000aee60e00, 0x00000000b1400000)
 Metaspace       used 30708K, committed 31168K, reserved 1114112K
  class space    used 3387K, committed 3584K, reserved 1048576K
}
Event: 47.185 GC heap before
{Heap before GC invocations=15 (full 1):
 def new generation   total 39424K, used 36046K [0x0000000081e00000, 0x00000000848c0000, 0x00000000abea0000)
  eden space 35072K, 100% used [0x0000000081e00000, 0x0000000084040000, 0x0000000084040000)
  from space 4352K,  22% used [0x0000000084480000, 0x0000000084573a98, 0x00000000848c0000)
  to   space 4352K,   0% used [0x0000000084040000, 0x0000000084040000, 0x0000000084480000)
 tenured generation   total 87424K, used 48899K [0x00000000abea0000, 0x00000000b1400000, 0x0000000100000000)
   the space 87424K,  55% used [0x00000000abea0000, 0x00000000aee60d58, 0x00000000aee60e00, 0x00000000b1400000)
 Metaspace       used 31874K, committed 32320K, reserved 1114112K
  class space    used 3557K, committed 3776K, reserved 1048576K
}
Event: 47.197 GC heap after
{Heap after GC invocations=16 (full 1):
 def new generation   total 39424K, used 2341K [0x0000000081e00000, 0x00000000848c0000, 0x00000000abea0000)
  eden space 35072K,   0% used [0x0000000081e00000, 0x0000000081e00000, 0x0000000084040000)
  from space 4352K,  53% used [0x0000000084040000, 0x0000000084289658, 0x0000000084480000)
  to   space 4352K,   0% used [0x0000000084480000, 0x0000000084480000, 0x00000000848c0000)
 tenured generation   total 87424K, used 48899K [0x00000000abea0000, 0x00000000b1400000, 0x0000000100000000)
   the space 87424K,  55% used [0x00000000abea0000, 0x00000000aee60d58, 0x00000000aee60e00, 0x00000000b1400000)
 Metaspace       used 31874K, committed 32320K, reserved 1114112K
  class space    used 3557K, committed 3776K, reserved 1048576K
}
Event: 61.275 GC heap before
{Heap before GC invocations=16 (full 1):
 def new generation   total 39424K, used 37413K [0x0000000081e00000, 0x00000000848c0000, 0x00000000abea0000)
  eden space 35072K, 100% used [0x0000000081e00000, 0x0000000084040000, 0x0000000084040000)
  from space 4352K,  53% used [0x0000000084040000, 0x0000000084289658, 0x0000000084480000)
  to   space 4352K,   0% used [0x0000000084480000, 0x0000000084480000, 0x00000000848c0000)
 tenured generation   total 87424K, used 48899K [0x00000000abea0000, 0x00000000b1400000, 0x0000000100000000)
   the space 87424K,  55% used [0x00000000abea0000, 0x00000000aee60d58, 0x00000000aee60e00, 0x00000000b1400000)
 Metaspace       used 33025K, committed 33536K, reserved 1114112K
  class space    used 3635K, committed 3840K, reserved 1048576K
}
Event: 61.294 GC heap after
{Heap after GC invocations=17 (full 1):
 def new generation   total 39424K, used 3613K [0x0000000081e00000, 0x00000000848c0000, 0x00000000abea0000)
  eden space 35072K,   0% used [0x0000000081e00000, 0x0000000081e00000, 0x0000000084040000)
  from space 4352K,  83% used [0x0000000084480000, 0x0000000084807708, 0x00000000848c0000)
  to   space 4352K,   0% used [0x0000000084040000, 0x0000000084040000, 0x0000000084480000)
 tenured generation   total 87424K, used 49571K [0x00000000abea0000, 0x00000000b1400000, 0x0000000100000000)
   the space 87424K,  56% used [0x00000000abea0000, 0x00000000aef08fc8, 0x00000000aef09000, 0x00000000b1400000)
 Metaspace       used 33025K, committed 33536K, reserved 1114112K
  class space    used 3635K, committed 3840K, reserved 1048576K
}
Event: 67.516 GC heap before
{Heap before GC invocations=17 (full 1):
 def new generation   total 39424K, used 38599K [0x0000000081e00000, 0x00000000848c0000, 0x00000000abea0000)
  eden space 35072K,  99% used [0x0000000081e00000, 0x000000008402a838, 0x0000000084040000)
  from space 4352K,  83% used [0x0000000084480000, 0x0000000084807708, 0x00000000848c0000)
  to   space 4352K,   0% used [0x0000000084040000, 0x0000000084040000, 0x0000000084480000)
 tenured generation   total 87424K, used 49571K [0x00000000abea0000, 0x00000000b1400000, 0x0000000100000000)
   the space 87424K,  56% used [0x00000000abea0000, 0x00000000aef08fc8, 0x00000000aef09000, 0x00000000b1400000)
 Metaspace       used 33366K, committed 33920K, reserved 1114112K
  class space    used 3655K, committed 3904K, reserved 1048576K
}
Event: 67.532 GC heap after
{Heap after GC invocations=18 (full 1):
 def new generation   total 39424K, used 3143K [0x0000000081e00000, 0x00000000848c0000, 0x00000000abea0000)
  eden space 35072K,   0% used [0x0000000081e00000, 0x0000000081e00000, 0x0000000084040000)
  from space 4352K,  72% used [0x0000000084040000, 0x0000000084351e68, 0x0000000084480000)
  to   space 4352K,   0% used [0x0000000084480000, 0x0000000084480000, 0x00000000848c0000)
 tenured generation   total 87424K, used 51192K [0x00000000abea0000, 0x00000000b1400000, 0x0000000100000000)
   the space 87424K,  58% used [0x00000000abea0000, 0x00000000af09e068, 0x00000000af09e200, 0x00000000b1400000)
 Metaspace       used 33366K, committed 33920K, reserved 1114112K
  class space    used 3655K, committed 3904K, reserved 1048576K
}
Event: 70.640 GC heap before
{Heap before GC invocations=18 (full 1):
 def new generation   total 39424K, used 38215K [0x0000000081e00000, 0x00000000848c0000, 0x00000000abea0000)
  eden space 35072K, 100% used [0x0000000081e00000, 0x0000000084040000, 0x0000000084040000)
  from space 4352K,  72% used [0x0000000084040000, 0x0000000084351e68, 0x0000000084480000)
  to   space 4352K,   0% used [0x0000000084480000, 0x0000000084480000, 0x00000000848c0000)
 tenured generation   total 87424K, used 51192K [0x00000000abea0000, 0x00000000b1400000, 0x0000000100000000)
   the space 87424K,  58% used [0x00000000abea0000, 0x00000000af09e068, 0x00000000af09e200, 0x00000000b1400000)
 Metaspace       used 33419K, committed 33984K, reserved 1114112K
  class space    used 3656K, committed 3968K, reserved 1048576K
}
Event: 70.693 GC heap after
{Heap after GC invocations=19 (full 1):
 def new generation   total 39424K, used 4352K [0x0000000081e00000, 0x00000000848c0000, 0x00000000abea0000)
  eden space 35072K,   0% used [0x0000000081e00000, 0x0000000081e00000, 0x0000000084040000)
  from space 4352K, 100% used [0x0000000084480000, 0x00000000848c0000, 0x00000000848c0000)
  to   space 4352K,   0% used [0x0000000084040000, 0x0000000084040000, 0x0000000084480000)
 tenured generation   total 87424K, used 66713K [0x00000000abea0000, 0x00000000b1400000, 0x0000000100000000)
   the space 87424K,  76% used [0x00000000abea0000, 0x00000000affc64a0, 0x00000000affc6600, 0x00000000b1400000)
 Metaspace       used 33419K, committed 33984K, reserved 1114112K
  class space    used 3656K, committed 3968K, reserved 1048576K
}

