# JRE version: Java(TM) SE Runtime Environment (21.0.3+7) (build 21.0.3+7-LTS-152)
# Java VM: Java HotSpot(TM) 64-Bit Server VM (21.0.3+7-LTS-152, mixed mode, emulated-client, sharing, tiered, compressed oops, compressed class ptrs, serial gc, windows-amd64)
GC Precious Log:
 CardTable entry size: 512
 CPUs: 1 total, 1 available
 Memory: 8071M
 Large Page Support: Disabled
 NUMA Support: Disabled
 Compressed Oops: Enabled (32-bit)
 Heap Min Capacity: 8M
 Heap Initial Capacity: 128M
 Heap Max Capacity: 2018M
 Pre-touch: Disabled
Heap:
 def new generation   total 39424K, used 21337K [0x0000000081e00000, 0x00000000848c0000, 0x00000000abea0000)
  eden space 35072K,  53% used [0x0000000081e00000, 0x0000000083066f68, 0x0000000084040000)
  from space 4352K,  57% used [0x0000000084040000, 0x00000000842af588, 0x0000000084480000)
  to   space 4352K,   0% used [0x0000000084480000, 0x0000000084480000, 0x00000000848c0000)
 tenured generation   total 87424K, used 23221K [0x00000000abea0000, 0x00000000b1400000, 0x0000000100000000)
   the space 87424K,  26% used [0x00000000abea0000, 0x00000000ad54d470, 0x00000000ad54d600, 0x00000000b1400000)
 Metaspace       used 49609K, committed 50240K, reserved 1114112K
  class space    used 6873K, committed 7168K, reserved 1048576K
GC Heap History (16 events):
Event: 1.377 GC heap before
{Heap before GC invocations=0 (full 0):
 def new generation   total 39296K, used 34944K [0x0000000081e00000, 0x00000000848a0000, 0x00000000abea0000)
  eden space 34944K, 100% used [0x0000000081e00000, 0x0000000084020000, 0x0000000084020000)
  from space 4352K,   0% used [0x0000000084020000, 0x0000000084020000, 0x0000000084460000)
  to   space 4352K,   0% used [0x0000000084460000, 0x0000000084460000, 0x00000000848a0000)
 tenured generation   total 87424K, used 0K [0x00000000abea0000, 0x00000000b1400000, 0x0000000100000000)
   the space 87424K,   0% used [0x00000000abea0000, 0x00000000abea0000, 0x00000000abea0200, 0x00000000b1400000)
 Metaspace       used 6489K, committed 6784K, reserved 1114112K
  class space    used 898K, committed 1024K, reserved 1048576K
}
Event: 1.391 GC heap after
{Heap after GC invocations=1 (full 0):
 def new generation   total 39296K, used 4352K [0x0000000081e00000, 0x00000000848a0000, 0x00000000abea0000)
  eden space 34944K,   0% used [0x0000000081e00000, 0x0000000081e00000, 0x0000000084020000)
  from space 4352K, 100% used [0x0000000084460000, 0x00000000848a0000, 0x00000000848a0000)
  to   space 4352K,   0% used [0x0000000084020000, 0x0000000084020000, 0x0000000084460000)
 tenured generation   total 87424K, used 3665K [0x00000000abea0000, 0x00000000b1400000, 0x0000000100000000)
   the space 87424K,   4% used [0x00000000abea0000, 0x00000000ac2346a8, 0x00000000ac234800, 0x00000000b1400000)
 Metaspace       used 6489K, committed 6784K, reserved 1114112K
  class space    used 898K, committed 1024K, reserved 1048576K
}
Event: 3.749 GC heap before
{Heap before GC invocations=1 (full 0):
 def new generation   total 39296K, used 39296K [0x0000000081e00000, 0x00000000848a0000, 0x00000000abea0000)
  eden space 34944K, 100% used [0x0000000081e00000, 0x0000000084020000, 0x0000000084020000)
  from space 4352K, 100% used [0x0000000084460000, 0x00000000848a0000, 0x00000000848a0000)
  to   space 4352K,   0% used [0x0000000084020000, 0x0000000084020000, 0x0000000084460000)
 tenured generation   total 87424K, used 3665K [0x00000000abea0000, 0x00000000b1400000, 0x0000000100000000)
   the space 87424K,   4% used [0x00000000abea0000, 0x00000000ac2346a8, 0x00000000ac234800, 0x00000000b1400000)
 Metaspace       used 12258K, committed 12608K, reserved 1114112K
  class space    used 1771K, committed 1920K, reserved 1048576K
}
Event: 3.764 GC heap after
{Heap after GC invocations=2 (full 0):
 def new generation   total 39296K, used 3499K [0x0000000081e00000, 0x00000000848a0000, 0x00000000abea0000)
  eden space 34944K,   0% used [0x0000000081e00000, 0x0000000081e00000, 0x0000000084020000)
  from space 4352K,  80% used [0x0000000084020000, 0x000000008438ac88, 0x0000000084460000)
  to   space 4352K,   0% used [0x0000000084460000, 0x0000000084460000, 0x00000000848a0000)
 tenured generation   total 87424K, used 7939K [0x00000000abea0000, 0x00000000b1400000, 0x0000000100000000)
   the space 87424K,   9% used [0x00000000abea0000, 0x00000000ac660fb8, 0x00000000ac661000, 0x00000000b1400000)
 Metaspace       used 12258K, committed 12608K, reserved 1114112K
  class space    used 1771K, committed 1920K, reserved 1048576K
}
Event: 4.654 GC heap before
{Heap before GC invocations=2 (full 0):
 def new generation   total 39296K, used 38443K [0x0000000081e00000, 0x00000000848a0000, 0x00000000abea0000)
  eden space 34944K, 100% used [0x0000000081e00000, 0x0000000084020000, 0x0000000084020000)
  from space 4352K,  80% used [0x0000000084020000, 0x000000008438ac88, 0x0000000084460000)
  to   space 4352K,   0% used [0x0000000084460000, 0x0000000084460000, 0x00000000848a0000)
 tenured generation   total 87424K, used 7939K [0x00000000abea0000, 0x00000000b1400000, 0x0000000100000000)
   the space 87424K,   9% used [0x00000000abea0000, 0x00000000ac660fb8, 0x00000000ac661000, 0x00000000b1400000)
 Metaspace       used 15438K, committed 15808K, reserved 1114112K
  class space    used 2222K, committed 2432K, reserved 1048576K
}
Event: 4.667 GC heap after
{Heap after GC invocations=3 (full 0):
 def new generation   total 39296K, used 2675K [0x0000000081e00000, 0x00000000848a0000, 0x00000000abea0000)
  eden space 34944K,   0% used [0x0000000081e00000, 0x0000000081e00000, 0x0000000084020000)
  from space 4352K,  61% used [0x0000000084460000, 0x00000000846fcf60, 0x00000000848a0000)
  to   space 4352K,   0% used [0x0000000084020000, 0x0000000084020000, 0x0000000084460000)
 tenured generation   total 87424K, used 11016K [0x00000000abea0000, 0x00000000b1400000, 0x0000000100000000)
   the space 87424K,  12% used [0x00000000abea0000, 0x00000000ac9620f8, 0x00000000ac962200, 0x00000000b1400000)
 Metaspace       used 15438K, committed 15808K, reserved 1114112K
  class space    used 2222K, committed 2432K, reserved 1048576K
}
Event: 5.599 GC heap before
{Heap before GC invocations=3 (full 0):
 def new generation   total 39296K, used 37619K [0x0000000081e00000, 0x00000000848a0000, 0x00000000abea0000)
  eden space 34944K, 100% used [0x0000000081e00000, 0x0000000084020000, 0x0000000084020000)
  from space 4352K,  61% used [0x0000000084460000, 0x00000000846fcf60, 0x00000000848a0000)
  to   space 4352K,   0% used [0x0000000084020000, 0x0000000084020000, 0x0000000084460000)
 tenured generation   total 87424K, used 11016K [0x00000000abea0000, 0x00000000b1400000, 0x0000000100000000)
   the space 87424K,  12% used [0x00000000abea0000, 0x00000000ac9620f8, 0x00000000ac962200, 0x00000000b1400000)
 Metaspace       used 19367K, committed 19776K, reserved 1114112K
  class space    used 2755K, committed 2944K, reserved 1048576K
}
Event: 5.615 GC heap after
{Heap after GC invocations=4 (full 0):
 def new generation   total 39296K, used 2445K [0x0000000081e00000, 0x00000000848a0000, 0x00000000abea0000)
  eden space 34944K,   0% used [0x0000000081e00000, 0x0000000081e00000, 0x0000000084020000)
  from space 4352K,  56% used [0x0000000084020000, 0x0000000084283570, 0x0000000084460000)
  to   space 4352K,   0% used [0x0000000084460000, 0x0000000084460000, 0x00000000848a0000)
 tenured generation   total 87424K, used 13627K [0x00000000abea0000, 0x00000000b1400000, 0x0000000100000000)
   the space 87424K,  15% used [0x00000000abea0000, 0x00000000acbeec28, 0x00000000acbeee00, 0x00000000b1400000)
 Metaspace       used 19367K, committed 19776K, reserved 1114112K
  class space    used 2755K, committed 2944K, reserved 1048576K
}
Event: 6.065 GC heap before
{Heap before GC invocations=4 (full 0):
 def new generation   total 39296K, used 11442K [0x0000000081e00000, 0x00000000848a0000, 0x00000000abea0000)
  eden space 34944K,  25% used [0x0000000081e00000, 0x00000000826c95a8, 0x0000000084020000)
  from space 4352K,  56% used [0x0000000084020000, 0x0000000084283570, 0x0000000084460000)
  to   space 4352K,   0% used [0x0000000084460000, 0x0000000084460000, 0x00000000848a0000)
 tenured generation   total 87424K, used 13627K [0x00000000abea0000, 0x00000000b1400000, 0x0000000100000000)
   the space 87424K,  15% used [0x00000000abea0000, 0x00000000acbeec28, 0x00000000acbeee00, 0x00000000b1400000)
 Metaspace       used 21037K, committed 21504K, reserved 1114112K
  class space    used 3018K, committed 3264K, reserved 1048576K
}
Event: 6.119 GC heap after
{Heap after GC invocations=5 (full 1):
 def new generation   total 39424K, used 0K [0x0000000081e00000, 0x00000000848c0000, 0x00000000abea0000)
  eden space 35072K,   0% used [0x0000000081e00000, 0x0000000081e00000, 0x0000000084040000)
  from space 4352K,   0% used [0x0000000084040000, 0x0000000084040000, 0x0000000084480000)
  to   space 4352K,   0% used [0x0000000084480000, 0x0000000084480000, 0x00000000848c0000)
 tenured generation   total 87424K, used 17148K [0x00000000abea0000, 0x00000000b1400000, 0x0000000100000000)
   the space 87424K,  19% used [0x00000000abea0000, 0x00000000acf5f388, 0x00000000acf5f400, 0x00000000b1400000)
 Metaspace       used 21037K, committed 21504K, reserved 1114112K
  class space    used 3018K, committed 3264K, reserved 1048576K
}
Event: 7.278 GC heap before
{Heap before GC invocations=5 (full 1):
 def new generation   total 39424K, used 35072K [0x0000000081e00000, 0x00000000848c0000, 0x00000000abea0000)
  eden space 35072K, 100% used [0x0000000081e00000, 0x0000000084040000, 0x0000000084040000)
  from space 4352K,   0% used [0x0000000084040000, 0x0000000084040000, 0x0000000084480000)
  to   space 4352K,   0% used [0x0000000084480000, 0x0000000084480000, 0x00000000848c0000)
 tenured generation   total 87424K, used 17148K [0x00000000abea0000, 0x00000000b1400000, 0x0000000100000000)
   the space 87424K,  19% used [0x00000000abea0000, 0x00000000acf5f388, 0x00000000acf5f400, 0x00000000b1400000)
 Metaspace       used 26260K, committed 26752K, reserved 1114112K
  class space    used 3737K, committed 3968K, reserved 1048576K
}
Event: 7.291 GC heap after
{Heap after GC invocations=6 (full 1):
 def new generation   total 39424K, used 4110K [0x0000000081e00000, 0x00000000848c0000, 0x00000000abea0000)
  eden space 35072K,   0% used [0x0000000081e00000, 0x0000000081e00000, 0x0000000084040000)
  from space 4352K,  94% used [0x0000000084480000, 0x0000000084883840, 0x00000000848c0000)
  to   space 4352K,   0% used [0x0000000084040000, 0x0000000084040000, 0x0000000084480000)
 tenured generation   total 87424K, used 17148K [0x00000000abea0000, 0x00000000b1400000, 0x0000000100000000)
   the space 87424K,  19% used [0x00000000abea0000, 0x00000000acf5f388, 0x00000000acf5f400, 0x00000000b1400000)
 Metaspace       used 26260K, committed 26752K, reserved 1114112K
  class space    used 3737K, committed 3968K, reserved 1048576K
}
Event: 8.282 GC heap before
{Heap before GC invocations=6 (full 1):
 def new generation   total 39424K, used 33338K [0x0000000081e00000, 0x00000000848c0000, 0x00000000abea0000)
  eden space 35072K,  83% used [0x0000000081e00000, 0x0000000083a8b1d0, 0x0000000084040000)
  from space 4352K,  94% used [0x0000000084480000, 0x0000000084883840, 0x00000000848c0000)
  to   space 4352K,   0% used [0x0000000084040000, 0x0000000084040000, 0x0000000084480000)
 tenured generation   total 87424K, used 17148K [0x00000000abea0000, 0x00000000b1400000, 0x0000000100000000)
   the space 87424K,  19% used [0x00000000abea0000, 0x00000000acf5f388, 0x00000000acf5f400, 0x00000000b1400000)
 Metaspace       used 35321K, committed 35840K, reserved 1114112K
  class space    used 4795K, committed 5056K, reserved 1048576K
}
Event: 8.361 GC heap after
{Heap after GC invocations=7 (full 2):
 def new generation   total 39424K, used 0K [0x0000000081e00000, 0x00000000848c0000, 0x00000000abea0000)
  eden space 35072K,   0% used [0x0000000081e00000, 0x0000000081e00000, 0x0000000084040000)
  from space 4352K,   0% used [0x0000000084480000, 0x0000000084480000, 0x00000000848c0000)
  to   space 4352K,   0% used [0x0000000084040000, 0x0000000084040000, 0x0000000084480000)
 tenured generation   total 87424K, used 23221K [0x00000000abea0000, 0x00000000b1400000, 0x0000000100000000)
   the space 87424K,  26% used [0x00000000abea0000, 0x00000000ad54d470, 0x00000000ad54d600, 0x00000000b1400000)
 Metaspace       used 35321K, committed 35840K, reserved 1114112K
  class space    used 4795K, committed 5056K, reserved 1048576K
}
Event: 11.880 GC heap before
{Heap before GC invocations=7 (full 2):
 def new generation   total 39424K, used 35072K [0x0000000081e00000, 0x00000000848c0000, 0x00000000abea0000)
  eden space 35072K, 100% used [0x0000000081e00000, 0x0000000084040000, 0x0000000084040000)
  from space 4352K,   0% used [0x0000000084480000, 0x0000000084480000, 0x00000000848c0000)
  to   space 4352K,   0% used [0x0000000084040000, 0x0000000084040000, 0x0000000084480000)
 tenured generation   total 87424K, used 23221K [0x00000000abea0000, 0x00000000b1400000, 0x0000000100000000)
   the space 87424K,  26% used [0x00000000abea0000, 0x00000000ad54d470, 0x00000000ad54d600, 0x00000000b1400000)
 Metaspace       used 45061K, committed 45696K, reserved 1114112K
  class space    used 6115K, committed 6400K, reserved 1048576K
}
Event: 11.890 GC heap after
{Heap after GC invocations=8 (full 2):
 def new generation   total 39424K, used 2493K [0x0000000081e00000, 0x00000000848c0000, 0x00000000abea0000)
  eden space 35072K,   0% used [0x0000000081e00000, 0x0000000081e00000, 0x0000000084040000)
  from space 4352K,  57% used [0x0000000084040000, 0x00000000842af588, 0x0000000084480000)
  to   space 4352K,   0% used [0x0000000084480000, 0x0000000084480000, 0x00000000848c0000)
 tenured generation   total 87424K, used 23221K [0x00000000abea0000, 0x00000000b1400000, 0x0000000100000000)
   the space 87424K,  26% used [0x00000000abea0000, 0x00000000ad54d470, 0x00000000ad54d600, 0x00000000b1400000)
 Metaspace       used 45061K, committed 45696K, reserved 1114112K
  class space    used 6115K, committed 6400K, reserved 1048576K
}

